d:\c c++\opengl project\projects\hazel\bin-int\debug-windows-x86_64\hazel\hazel.pch
d:\c c++\opengl project\projects\hazel\bin-int\debug-windows-x86_64\hazel\vc143.pdb
d:\c c++\opengl project\projects\hazel\bin-int\debug-windows-x86_64\hazel\hzpch.obj
d:\c c++\opengl project\projects\hazel\bin-int\debug-windows-x86_64\hazel\log.obj
d:\c c++\opengl project\projects\hazel\bin-int\debug-windows-x86_64\hazel\application.obj
d:\c c++\opengl project\projects\hazel\bin\debug-windows-x86_64\hazel\hazel.dll
d:\c c++\opengl project\projects\hazel\bin\debug-windows-x86_64\hazel\hazel.pdb
d:\c c++\opengl project\projects\hazel\bin\debug-windows-x86_64\hazel\hazel.lib
d:\c c++\opengl project\projects\hazel\bin\debug-windows-x86_64\hazel\hazel.exp
d:\c c++\opengl project\projects\hazel\bin-int\debug-windows-x86_64\hazel\hazel.ilk
d:\c c++\opengl project\projects\hazel\hazel\..\bin\debug-windows-x86_64\hazel\hazel.pdb
d:\c c++\opengl project\projects\hazel\hazel\..\bin-int\debug-windows-x86_64\hazel\hazel.vcxproj.filelistabsolute.txt
d:\c c++\opengl project\projects\hazel\bin-int\debug-windows-x86_64\hazel\hazel.tlog\cl.command.1.tlog
d:\c c++\opengl project\projects\hazel\bin-int\debug-windows-x86_64\hazel\hazel.tlog\cl.items.tlog
d:\c c++\opengl project\projects\hazel\bin-int\debug-windows-x86_64\hazel\hazel.tlog\cl.read.1.tlog
d:\c c++\opengl project\projects\hazel\bin-int\debug-windows-x86_64\hazel\hazel.tlog\cl.write.1.tlog
d:\c c++\opengl project\projects\hazel\bin-int\debug-windows-x86_64\hazel\hazel.tlog\link.command.1.tlog
d:\c c++\opengl project\projects\hazel\bin-int\debug-windows-x86_64\hazel\hazel.tlog\link.read.1.tlog
d:\c c++\opengl project\projects\hazel\bin-int\debug-windows-x86_64\hazel\hazel.tlog\link.secondary.1.tlog
d:\c c++\opengl project\projects\hazel\bin-int\debug-windows-x86_64\hazel\hazel.tlog\link.write.1.tlog
